<?xml version="1.0" encoding="UTF-8"?>
<!-- Generated by org.testng.reporters.JUnitReportReporter -->
<testsuite hostname="DESKTOP-3JH0LC3" failures="0" tests="3" name="com.comcast.crm.practice.Pqr" time="57.368" errors="0" timestamp="19 Sep 2024 05:51:20 GMT" skipped="0">
  <testcase classname="com.comcast.crm.practice.Pqr" name="sample2Pqr" time="26.022"/>
  <testcase classname="com.comcast.crm.practice.Pqr" name="sample3Pqr" time="17.198"/>
  <testcase classname="com.comcast.crm.practice.Pqr" name="sample1Pqr" time="14.148"/>
</testsuite> <!-- com.comcast.crm.practice.Pqr -->
