<?xml version="1.0" encoding="UTF-8"?>
<!-- Generated by org.testng.reporters.JUnitReportReporter -->
<testsuite hostname="DESKTOP-3JH0LC3" failures="0" tests="3" name="com.comcast.crm.practice.Abc" time="57.207" errors="0" timestamp="19 Sep 2024 05:51:20 GMT" skipped="0">
  <testcase classname="com.comcast.crm.practice.Abc" name="sample1Abc" time="23.784"/>
  <testcase classname="com.comcast.crm.practice.Abc" name="sample3Abc" time="12.791"/>
  <testcase classname="com.comcast.crm.practice.Abc" name="sample2Abc" time="20.632"/>
</testsuite> <!-- com.comcast.crm.practice.Abc -->
