<?xml version="1.0" encoding="UTF-8"?>
<!-- Generated by org.testng.reporters.JUnitReportReporter -->
<testsuite hostname="DESKTOP-3JH0LC3" failures="0" tests="1" name="com.comcast.crm.practice.screenshot.SreenShot" time="16.062" errors="0" timestamp="20 Sep 2024 06:31:44 GMT" skipped="0">
  <testcase classname="com.comcast.crm.practice.screenshot.SreenShot" name="screenShot" time="16.062"/>
</testsuite> <!-- com.comcast.crm.practice.screenshot.SreenShot -->
