<?xml version="1.0" encoding="UTF-8"?>
<!-- Generated by org.testng.reporters.JUnitReportReporter -->
<testsuite hostname="DESKTOP-3JH0LC3" failures="0" tests="3" name="com.comcast.crm.practice.Mno" time="54.851" errors="0" timestamp="19 Sep 2024 05:51:20 GMT" skipped="0">
  <testcase classname="com.comcast.crm.practice.Mno" name="sample2Mno" time="15.135"/>
  <testcase classname="com.comcast.crm.practice.Mno" name="sample3Mno" time="20.742"/>
  <testcase classname="com.comcast.crm.practice.Mno" name="sample1Mno" time="18.974"/>
</testsuite> <!-- com.comcast.crm.practice.Mno -->
