<?xml version="1.0" encoding="UTF-8"?>
<!-- Generated by org.testng.reporters.JUnitReportReporter -->
<testsuite hostname="DESKTOP-3JH0LC3" failures="0" tests="1" name="com.comcast.crm.practice.assertion.HASA_HomepageVerificationTest2" time="0.023" errors="0" timestamp="20 Sep 2024 05:18:46 GMT" skipped="0">
  <testcase classname="com.comcast.crm.practice.assertion.HASA_HomepageVerificationTest2" name="verifyLogo2" time="0.023"/>
</testsuite> <!-- com.comcast.crm.practice.assertion.HASA_HomepageVerificationTest2 -->
