<?xml version="1.0" encoding="UTF-8"?>
<!-- Generated by org.testng.reporters.JUnitReportReporter -->
<testsuite hostname="DESKTOP-3JH0LC3" failures="0" tests="3" name="com.comcast.crm.contacttest.CreateContactTest2" time="62.518" errors="0" timestamp="26 Sep 2024 12:39:38 GMT" skipped="0">
  <testcase classname="com.comcast.crm.contacttest.CreateContactTest2" name="createContactWithOrganizationtest" time="29.170"/>
  <testcase classname="com.comcast.crm.contacttest.CreateContactTest2" name="createcontacttest" time="15.055"/>
  <testcase classname="com.comcast.crm.contacttest.CreateContactTest2" name="createContactWithSupportDate" time="18.293"/>
</testsuite> <!-- com.comcast.crm.contacttest.CreateContactTest2 -->
