<?xml version="1.0" encoding="UTF-8"?>
<!-- Generated by org.testng.reporters.JUnitReportReporter -->
<testsuite hostname="DESKTOP-3JH0LC3" failures="0" tests="1" name="com.comcast.crm.campaigntest.CreateNewCampaignTest2" time="64.672" errors="0" timestamp="24 Sep 2024 04:35:21 GMT" skipped="0">
  <testcase classname="com.comcast.crm.campaigntest.CreateNewCampaignTest2" name="creatCampaignTest" time="64.672"/>
</testsuite> <!-- com.comcast.crm.campaigntest.CreateNewCampaignTest2 -->
