<?xml version="1.0" encoding="UTF-8"?>
<!-- Generated by org.testng.reporters.JUnitReportReporter -->
<testsuite hostname="DESKTOP-3JH0LC3" failures="0" tests="1" name="practiceExtentReport.SampleReporterTest" time="7.486" errors="0" timestamp="24 Sep 2024 07:39:08 GMT" skipped="0">
  <testcase classname="practiceExtentReport.SampleReporterTest" name="CreatecontactTest" time="7.486"/>
</testsuite> <!-- practiceExtentReport.SampleReporterTest -->
