<?xml version="1.0" encoding="UTF-8"?>
<!-- Generated by org.testng.reporters.JUnitReportReporter -->
<testsuite hostname="DESKTOP-3JH0LC3" failures="0" tests="1" name="com.comcast.crm.practice.SampleParallel" time="11.888" errors="0" timestamp="27 Sep 2024 12:07:30 GMT" skipped="0">
  <testcase classname="com.comcast.crm.practice.SampleParallel" name="sample" time="11.888"/>
</testsuite> <!-- com.comcast.crm.practice.SampleParallel -->
